<?xml version="1.0" encoding="UTF-8"?>
<testng-results skipped="0" failed="0" total="1" passed="1">
  <reporter-output>
  </reporter-output>
  <suite name="Default suite" duration-ms="612" started-at="2020-07-19T14:04:57Z" finished-at="2020-07-19T14:04:58Z">
    <groups>
    </groups>
    <test name="Default test" duration-ms="612" started-at="2020-07-19T14:04:57Z" finished-at="2020-07-19T14:04:58Z">
      <class name="unitTestCases.TestExcelDataProvider">
        <test-method status="PASS" signature="testExcel()[pri:0, instance:unitTestCases.TestExcelDataProvider@482f8f11]" name="testExcel" duration-ms="591" started-at="2020-07-19T19:34:57Z" finished-at="2020-07-19T19:34:58Z">
          <reporter-output>
          </reporter-output>
        </test-method> <!-- testExcel -->
      </class> <!-- unitTestCases.TestExcelDataProvider -->
    </test> <!-- Default test -->
  </suite> <!-- Default suite -->
</testng-results>
